

Microchip MPLAB XC8 Assembler V2.05 build -831301201 
                                                                                               Fri Mar 15 17:56:00 2019

Microchip MPLAB XC8 C Compiler v2.05 (Free license) build 20181220022703 Og1 
     1                           	processor	18F4520
     2                           	fnconf	rparam,??,?,0
     3                           	opt	pw 120
     4                           	opt	flic
     5                           	psect	cinit,global,reloc=2,class=CODE,delta=1
     6                           	psect	cstackCOMRAM,global,class=COMRAM,space=1,delta=1,noexec
     7                           	psect	text0,global,reloc=2,class=CODE,delta=1
     8                           	psect	intcode,global,reloc=2,class=CODE,delta=1
     9                           	psect	intcode_body,global,reloc=2,class=CODE,delta=1
    10                           	psect	intsave_regs,global,class=BIGRAM,space=1,delta=1,noexec
    11                           	psect	rparam,global,class=COMRAM,space=1,delta=1,noexec
    12                           	psect	temp,global,ovrld,common,class=COMRAM,space=1,delta=1
    13  0000                     
    14                           ; Version 2.05
    15                           ; Generated 20/12/2018 GMT
    16                           ; 
    17                           ; Copyright © 2018, Microchip Technology Inc. and its subsidiaries ("Microchip")
    18                           ; All rights reserved.
    19                           ; 
    20                           ; This software is developed by Microchip Technology Inc. and its subsidiaries ("Microch
      +                          ip").
    21                           ; 
    22                           ; Redistribution and use in source and binary forms, with or without modification, are
    23                           ; permitted provided that the following conditions are met:
    24                           ; 
    25                           ;     1. Redistributions of source code must retain the above copyright notice, this lis
      +                          t of
    26                           ;        conditions and the following disclaimer.
    27                           ; 
    28                           ;     2. Redistributions in binary form must reproduce the above copyright notice, this 
      +                          list
    29                           ;        of conditions and the following disclaimer in the documentation and/or other
    30                           ;        materials provided with the distribution.
    31                           ; 
    32                           ;     3. Microchip's name may not be used to endorse or promote products derived from th
      +                          is
    33                           ;        software without specific prior written permission.
    34                           ; 
    35                           ; THIS SOFTWARE IS PROVIDED BY MICROCHIP "AS IS" AND ANY EXPRESS OR IMPLIED WARRANTIES,
    36                           ; INCLUDING, BUT NOT LIMITED TO, THE IMPLIED WARRANTIES OF MERCHANTABILITY AND FITNESS F
      +                          OR
    37                           ; PURPOSE ARE DISCLAIMED.  IN NO EVENT SHALL MICROCHIP BE LIABLE FOR ANY DIRECT, INDIREC
      +                          T,
    38                           ; INCIDENTAL, SPECIAL, EXEMPLARY, OR CONSEQUENTIAL DAMAGES (INCLUDING BUT NOT LIMITED TO
    39                           ; PROCUREMENT OF SUBSTITUTE GOODS OR SERVICES; LOSS OF USE, DATA OR PROFITS; OR BUSINESS
    40                           ; INTERRUPTION) HOWSOEVER CAUSED AND ON ANY THEORY OF LIABILITY, WHETHER IN CONTRACT, ST
      +                          RICT
    41                           ; LIABILITY, OR TORT (INCLUDING NEGLIGENCE OR OTHERWISE) ARISING IN ANY WAY OUT OF THE U
      +                          SE OF
    42                           ; THIS SOFTWARE, EVEN IF ADVISED OF THE POSSIBILITY OF SUCH DAMAGE.
    43                           ; 
    44                           ; 
    45                           ; Code-generator required, PIC18F4520 Definitions
    46                           ; 
    47                           ; SFR Addresses
    48  0000                     _PIR1bits	set	3998
    49  0000                     _LATB	set	3978
    50  0000                     _TRISB	set	3987
    51  0000                     _CCPR2L	set	4027
    52  0000                     _PR2	set	4043
    53  0000                     _CCP2CONbits	set	4026
    54  0000                     _T2CONbits	set	4042
    55  0000                     _IPR1bits	set	3999
    56  0000                     _RCONbits	set	4048
    57  0000                     _PIE1bits	set	3997
    58  0000                     _INTCONbits	set	4082
    59  0000                     _TRISC1	set	31905
    60                           
    61                           ; #config settings
    62  0000                     
    63                           	psect	cinit
    64  000012                     __pcinit:
    65                           	opt callstack 0
    66  000012                     start_initialization:
    67                           	opt callstack 0
    68  000012                     __initialization:
    69                           	opt callstack 0
    70  000012                     end_of_initialization:
    71                           	opt callstack 0
    72  000012                     __end_of__initialization:
    73                           	opt callstack 0
    74  000012  9001               	bcf	int$flags,0,c	;clear compiler interrupt flag (level 1)
    75  000014  9201               	bcf	int$flags,1,c	;clear compiler interrupt flag (level 2)
    76  000016  0100               	movlb	0
    77  000018  EF0E  F000         	goto	_main	;jump to C main() function
    78                           
    79                           	psect	cstackCOMRAM
    80  000000                     __pcstackCOMRAM:
    81                           	opt callstack 0
    82  000000                     
    83                           ; 1 bytes @ 0x0
    84 ;;
    85 ;;Main: autosize = 0, tempsize = 0, incstack = 0, save=0
    86 ;;
    87 ;; *************** function _main *****************
    88 ;; Defined at:
    89 ;;		line 76 in file "main.c"
    90 ;; Parameters:    Size  Location     Type
    91 ;;		None
    92 ;; Auto vars:     Size  Location     Type
    93 ;;		None
    94 ;; Return value:  Size  Location     Type
    95 ;;                  1    wreg      void 
    96 ;; Registers used:
    97 ;;		wreg, status,2
    98 ;; Tracked objects:
    99 ;;		On entry : 0/0
   100 ;;		On exit  : 0/0
   101 ;;		Unchanged: 0/0
   102 ;; Data sizes:     COMRAM   BANK0   BANK1   BANK2   BANK3   BANK4   BANK5
   103 ;;      Params:         0       0       0       0       0       0       0
   104 ;;      Locals:         0       0       0       0       0       0       0
   105 ;;      Temps:          0       0       0       0       0       0       0
   106 ;;      Totals:         0       0       0       0       0       0       0
   107 ;;Total ram usage:        0 bytes
   108 ;; Hardware stack levels required when called:    1
   109 ;; This function calls:
   110 ;;		Nothing
   111 ;; This function is called by:
   112 ;;		Startup code after reset
   113 ;; This function uses a non-reentrant model
   114 ;;
   115                           
   116                           	psect	text0
   117  00001C                     __ptext0:
   118                           	opt callstack 0
   119  00001C                     _main:
   120                           	opt callstack 30
   121                           
   122                           ;main.c: 86:     TRISB = 0x00;
   123                           
   124                           ;incstack = 0
   125  00001C  0E00               	movlw	0
   126  00001E  6E93               	movwf	3987,c	;volatile
   127                           
   128                           ;main.c: 87:     LATB = 0xFF;
   129  000020  688A               	setf	3978,c	;volatile
   130  000022                     l32:
   131                           
   132                           ;main.c: 95:     }
   133  000022  D7FF               	goto	l32
   134  000024                     __end_of_main:
   135                           	opt callstack 0
   136                           
   137 ;; *************** function _timer2 *****************
   138 ;; Defined at:
   139 ;;		line 102 in file "main.c"
   140 ;; Parameters:    Size  Location     Type
   141 ;;		None
   142 ;; Auto vars:     Size  Location     Type
   143 ;;		None
   144 ;; Return value:  Size  Location     Type
   145 ;;                  1    wreg      void 
   146 ;; Registers used:
   147 ;;		None
   148 ;; Tracked objects:
   149 ;;		On entry : 0/0
   150 ;;		On exit  : 0/0
   151 ;;		Unchanged: 0/0
   152 ;; Data sizes:     COMRAM   BANK0   BANK1   BANK2   BANK3   BANK4   BANK5
   153 ;;      Params:         0       0       0       0       0       0       0
   154 ;;      Locals:         0       0       0       0       0       0       0
   155 ;;      Temps:          0       0       0       0       0       0       0
   156 ;;      Totals:         0       0       0       0       0       0       0
   157 ;;Total ram usage:        0 bytes
   158 ;; Hardware stack levels used:    1
   159 ;; This function calls:
   160 ;;		Nothing
   161 ;; This function is called by:
   162 ;;		Interrupt level 2
   163 ;; This function uses a non-reentrant model
   164 ;;
   165                           
   166                           	psect	intcode
   167  000008                     __pintcode:
   168                           	opt callstack 0
   169  000008                     _timer2:
   170                           	opt callstack 30
   171                           
   172                           ;incstack = 0
   173  000008  8201               	bsf	btemp,1,c	;set compiler interrupt flag (level 2)
   174  00000A  ED12  F000         	call	int_func,f	;refresh shadow registers
   175                           
   176                           	psect	intcode_body
   177  000024                     __pintcode_body:
   178                           	opt callstack 30
   179  000024                     int_func:
   180                           	opt callstack 30
   181  000024  0006               	pop		; remove dummy address from shadow register refresh
   182                           
   183                           ;main.c: 106:     PIR1bits.TMR2IF = 0;
   184  000026  929E               	bcf	3998,1,c	;volatile
   185  000028  9201               	bcf	btemp,1,c	;clear compiler interrupt flag (level 2)
   186  00002A  0011               	retfie		f
   187  00002C                     __end_of_timer2:
   188                           	opt callstack 0
   189  0000                     
   190                           	psect	rparam
   191  0000                     
   192                           	psect	temp
   193  000001                     btemp:
   194                           	opt callstack 0
   195  000001                     	ds	1
   196  0000                     int$flags	set	btemp
   197  0000                     wtemp8	set	btemp+1
   198  0000                     ttemp5	set	btemp+1
   199  0000                     ttemp6	set	btemp+4
   200  0000                     ttemp7	set	btemp+8
   201                           tosu	equ	0xFFF
   202                           tosh	equ	0xFFE
   203                           tosl	equ	0xFFD
   204                           stkptr	equ	0xFFC
   205                           pclatu	equ	0xFFB
   206                           pclath	equ	0xFFA
   207                           pcl	equ	0xFF9
   208                           tblptru	equ	0xFF8
   209                           tblptrh	equ	0xFF7
   210                           tblptrl	equ	0xFF6
   211                           tablat	equ	0xFF5
   212                           prodh	equ	0xFF4
   213                           prodl	equ	0xFF3
   214                           indf0	equ	0xFEF
   215                           postinc0	equ	0xFEE
   216                           postdec0	equ	0xFED
   217                           preinc0	equ	0xFEC
   218                           plusw0	equ	0xFEB
   219                           fsr0h	equ	0xFEA
   220                           fsr0l	equ	0xFE9
   221                           wreg	equ	0xFE8
   222                           indf1	equ	0xFE7
   223                           postinc1	equ	0xFE6
   224                           postdec1	equ	0xFE5
   225                           preinc1	equ	0xFE4
   226                           plusw1	equ	0xFE3
   227                           fsr1h	equ	0xFE2
   228                           fsr1l	equ	0xFE1
   229                           bsr	equ	0xFE0
   230                           indf2	equ	0xFDF
   231                           postinc2	equ	0xFDE
   232                           postdec2	equ	0xFDD
   233                           preinc2	equ	0xFDC
   234                           plusw2	equ	0xFDB
   235                           fsr2h	equ	0xFDA
   236                           fsr2l	equ	0xFD9
   237                           status	equ	0xFD8


Data Sizes:
    Strings     0
    Constant    0
    Data        0
    BSS         0
    Persistent  0
    Stack       0

Auto Spaces:
    Space          Size  Autos    Used
    COMRAM          126      0       0
    BANK0           128      0       0
    BANK1           256      0       0
    BANK2           256      0       0
    BANK3           256      0       0
    BANK4           256      0       0
    BANK5           256      0       0

Pointer List with Targets:

    None.

Critical Paths under _main in COMRAM

    None.

Critical Paths under _timer2 in COMRAM

    None.

Critical Paths under _main in BANK0

    None.

Critical Paths under _timer2 in BANK0

    None.

Critical Paths under _main in BANK1

    None.

Critical Paths under _timer2 in BANK1

    None.

Critical Paths under _main in BANK2

    None.

Critical Paths under _timer2 in BANK2

    None.

Critical Paths under _main in BANK3

    None.

Critical Paths under _timer2 in BANK3

    None.

Critical Paths under _main in BANK4

    None.

Critical Paths under _timer2 in BANK4

    None.

Critical Paths under _main in BANK5

    None.

Critical Paths under _timer2 in BANK5

    None.

Call Graph Tables:

 ---------------------------------------------------------------------------------
 (Depth) Function   	        Calls       Base Space   Used Autos Params    Refs
 ---------------------------------------------------------------------------------
 (0) _main                                                 0     0      0       0
 ---------------------------------------------------------------------------------
 Estimated maximum stack depth 0
 ---------------------------------------------------------------------------------
 (Depth) Function   	        Calls       Base Space   Used Autos Params    Refs
 ---------------------------------------------------------------------------------
 (1) _timer2                                               0     0      0       0
 ---------------------------------------------------------------------------------
 Estimated maximum stack depth 1
 ---------------------------------------------------------------------------------

 Call Graph Graphs:

 _main (ROOT)

 _timer2 (ROOT)

 Address spaces:
Name               Size   Autos  Total    Cost      Usage
BITCOMRAM           7E      0       0       0        0.0%
EEDATA             100      0       0       0        0.0%
NULL                 0      0       0       0        0.0%
CODE                 0      0       0       0        0.0%
COMRAM              7E      0       0       1        0.0%
STACK                0      0       0       2        0.0%
DATA                 0      0       0       3        0.0%
BITBANK0            80      0       0       4        0.0%
BANK0               80      0       0       5        0.0%
BITBANK1           100      0       0       6        0.0%
BANK1              100      0       0       7        0.0%
BITBANK2           100      0       0       8        0.0%
BANK2              100      0       0       9        0.0%
BITBANK3           100      0       0      10        0.0%
BANK3              100      0       0      11        0.0%
BITBANK4           100      0       0      12        0.0%
BANK4              100      0       0      13        0.0%
BANK5              100      0       0      14        0.0%
ABS                  0      0       0      15        0.0%
BITBANK5           100      0       0      16        0.0%
BIGRAM             5FF      0       0      17        0.0%
BITSFR               0      0       0     200        0.0%
SFR                  0      0       0     200        0.0%


Microchip Technology PIC18 Macro Assembler V2.05 build -831301201 
Symbol Table                                                                                   Fri Mar 15 17:56:00 2019

                     l32 0022              __CFG_BORV$3 000000             __CFG_CP0$OFF 000000  
           __CFG_CP1$OFF 000000             __CFG_CP2$OFF 000000             __CFG_CP3$OFF 000000  
           __CFG_CPB$OFF 000000                      _PR2 000FCB             __CFG_CPD$OFF 000000  
           __CFG_LVP$OFF 000000             __CFG_WDT$OFF 000000                     _LATB 000F8A  
                   _main 001C                     btemp 0001                     start 000E  
          __CFG_IESO$OFF 000000            __CFG_MCLRE$ON 000000             ___param_bank 000000  
                  ?_main 0000                    _TRISB 000F93            __CFG_PWRT$OFF 000000  
          __CFG_WRT0$OFF 000000            __CFG_WRT1$OFF 000000            __CFG_WRT2$OFF 000000  
          __CFG_WRT3$OFF 000000           __CFG_EBTR0$OFF 000000           __CFG_FCMEN$OFF 000000  
         __CFG_EBTR1$OFF 000000           __CFG_EBTR2$OFF 000000           __CFG_EBTR3$OFF 000000  
          __CFG_WRTB$OFF 000000            __CFG_WRTC$OFF 000000            __CFG_WRTD$OFF 000000  
         __CFG_EBTRB$OFF 000000                    ttemp5 0002                    ttemp6 0005  
                  ttemp7 0009                    wtemp8 0002          __initialization 0012  
           __end_of_main 0024                   ??_main 0000            __activetblptr 000000  
                 _CCPR2L 000FBB                   _TRISC1 007CA1           __CFG_XINST$OFF 000000  
         __CFG_STVREN$ON 000000                   _timer2 0008               __accesstop 0080  
__end_of__initialization 0012          __CFG_PBADEN$OFF 000000            ___rparam_used 000001  
         __pcstackCOMRAM 0000                  ?_timer2 0000                  __Hparam 0000  
                __Lparam 0000                  __pcinit 0012                  __ramtop 0600  
                __ptext0 001C          __size_of_timer2 0024                _T2CONbits 000FCA  
         __pintcode_body 0024     end_of_initialization 0012                  int_func 0024  
            _CCP2CONbits 000FBA           __end_of_timer2 002C      start_initialization 0012  
       __CFG_OSC$INTIO67 000000         __CFG_LPT1OSC$OFF 000000                 ??_timer2 0000  
      __CFG_CCP2MX$PORTC 000000                __pintcode 0008                 _IPR1bits 000F9F  
               _PIE1bits 000F9D                 _PIR1bits 000F9E                 _RCONbits 000FD0  
       __CFG_WDTPS$32768 000000                 __Hrparam 0000                 __Lrparam 0000  
     __CFG_BOREN$SBORDIS 000000            __size_of_main 0008                 int$flags 0001  
             _INTCONbits 000FF2                 intlevel2 0000  
